# JRE version: Java(TM) SE Runtime Environment (8.0_141-b15) (build 1.8.0_141-b15)
# Java VM: Java HotSpot(TM) 64-Bit Server VM (25.141-b15 mixed mode windows-amd64 compressed oops)
Heap:
 PSYoungGen      total 307712K, used 226426K [0x000000076b600000, 0x0000000785d00000, 0x00000007c0000000)
  eden space 267264K, 84% used [0x000000076b600000,0x000000077931e938,0x000000077bb00000)
  from space 40448K, 0% used [0x000000077bb00000,0x000000077bb00000,0x000000077e280000)
  to   space 40448K, 0% used [0x0000000783580000,0x0000000783580000,0x0000000785d00000)
 ParOldGen       total 196096K, used 42920K [0x00000006c2200000, 0x00000006ce180000, 0x000000076b600000)
  object space 196096K, 21% used [0x00000006c2200000,0x00000006c4bea190,0x00000006ce180000)
 Metaspace       used 45563K, capacity 46340K, committed 46760K, reserved 1091584K
  class space    used 5296K, capacity 5502K, committed 5552K, reserved 1048576K
GC Heap History (10 events):
Event: 4.421 GC heap before
{Heap before GC invocations=7 (full 1):
 PSYoungGen      total 140800K, used 140795K [0x000000076b600000, 0x0000000778d80000, 0x00000007c0000000)
  eden space 130048K, 100% used [0x000000076b600000,0x0000000773500000,0x0000000773500000)
  from space 10752K, 99% used [0x0000000773500000,0x0000000773f7ef28,0x0000000773f80000)
  to   space 20992K, 0% used [0x0000000777900000,0x0000000777900000,0x0000000778d80000)
 ParOldGen       total 123392K, used 24579K [0x00000006c2200000, 0x00000006c9a80000, 0x000000076b600000)
  object space 123392K, 19% used [0x00000006c2200000,0x00000006c3a00c18,0x00000006c9a80000)
 Metaspace       used 24172K, capacity 24718K, committed 25008K, reserved 1071104K
  class space    used 2794K, capacity 2934K, committed 2992K, reserved 1048576K
Event: 4.439 GC heap after
Heap after GC invocations=7 (full 1):
 PSYoungGen      total 194560K, used 20987K [0x000000076b600000, 0x000000077aa80000, 0x00000007c0000000)
  eden space 173568K, 0% used [0x000000076b600000,0x000000076b600000,0x0000000775f80000)
  from space 20992K, 99% used [0x0000000777900000,0x0000000778d7ef80,0x0000000778d80000)
  to   space 26112K, 0% used [0x0000000775f80000,0x0000000775f80000,0x0000000777900000)
 ParOldGen       total 123392K, used 28515K [0x00000006c2200000, 0x00000006c9a80000, 0x000000076b600000)
  object space 123392K, 23% used [0x00000006c2200000,0x00000006c3dd8d78,0x00000006c9a80000)
 Metaspace       used 24172K, capacity 24718K, committed 25008K, reserved 1071104K
  class space    used 2794K, capacity 2934K, committed 2992K, reserved 1048576K
}
Event: 4.879 GC heap before
{Heap before GC invocations=8 (full 1):
 PSYoungGen      total 194560K, used 194555K [0x000000076b600000, 0x000000077aa80000, 0x00000007c0000000)
  eden space 173568K, 100% used [0x000000076b600000,0x0000000775f80000,0x0000000775f80000)
  from space 20992K, 99% used [0x0000000777900000,0x0000000778d7ef80,0x0000000778d80000)
  to   space 26112K, 0% used [0x0000000775f80000,0x0000000775f80000,0x0000000777900000)
 ParOldGen       total 123392K, used 28515K [0x00000006c2200000, 0x00000006c9a80000, 0x000000076b600000)
  object space 123392K, 23% used [0x00000006c2200000,0x00000006c3dd8d78,0x00000006c9a80000)
 Metaspace       used 24193K, capacity 24732K, committed 25008K, reserved 1071104K
  class space    used 2797K, capacity 2936K, committed 2992K, reserved 1048576K
Event: 4.900 GC heap after
Heap after GC invocations=8 (full 1):
 PSYoungGen      total 199680K, used 26092K [0x000000076b600000, 0x0000000780380000, 0x00000007c0000000)
  eden space 173568K, 0% used [0x000000076b600000,0x000000076b600000,0x0000000775f80000)
  from space 26112K, 99% used [0x0000000775f80000,0x00000007778fb340,0x0000000777900000)
  to   space 33792K, 0% used [0x000000077e280000,0x000000077e280000,0x0000000780380000)
 ParOldGen       total 123392K, used 36188K [0x00000006c2200000, 0x00000006c9a80000, 0x000000076b600000)
  object space 123392K, 29% used [0x00000006c2200000,0x00000006c4557018,0x00000006c9a80000)
 Metaspace       used 24193K, capacity 24732K, committed 25008K, reserved 1071104K
  class space    used 2797K, capacity 2936K, committed 2992K, reserved 1048576K
}
Event: 5.812 GC heap before
{Heap before GC invocations=9 (full 1):
 PSYoungGen      total 199680K, used 199660K [0x000000076b600000, 0x0000000780380000, 0x00000007c0000000)
  eden space 173568K, 100% used [0x000000076b600000,0x0000000775f80000,0x0000000775f80000)
  from space 26112K, 99% used [0x0000000775f80000,0x00000007778fb340,0x0000000777900000)
  to   space 33792K, 0% used [0x000000077e280000,0x000000077e280000,0x0000000780380000)
 ParOldGen       total 123392K, used 36188K [0x00000006c2200000, 0x00000006c9a80000, 0x000000076b600000)
  object space 123392K, 29% used [0x00000006c2200000,0x00000006c4557018,0x00000006c9a80000)
 Metaspace       used 24209K, capacity 24764K, committed 25008K, reserved 1071104K
  class space    used 2800K, capacity 2968K, committed 2992K, reserved 1048576K
Event: 5.837 GC heap after
Heap after GC invocations=9 (full 1):
 PSYoungGen      total 301056K, used 33760K [0x000000076b600000, 0x0000000780f80000, 0x00000007c0000000)
  eden space 267264K, 0% used [0x000000076b600000,0x000000076b600000,0x000000077bb00000)
  from space 33792K, 99% used [0x000000077e280000,0x00000007803782f8,0x0000000780380000)
  to   space 40448K, 0% used [0x000000077bb00000,0x000000077bb00000,0x000000077e280000)
 ParOldGen       total 123392K, used 39660K [0x00000006c2200000, 0x00000006c9a80000, 0x000000076b600000)
  object space 123392K, 32% used [0x00000006c2200000,0x00000006c48bb0b0,0x00000006c9a80000)
 Metaspace       used 24209K, capacity 24764K, committed 25008K, reserved 1071104K
  class space    used 2800K, capacity 2968K, committed 2992K, reserved 1048576K
}
Event: 7.300 GC heap before
{Heap before GC invocations=10 (full 1):
 PSYoungGen      total 301056K, used 227091K [0x000000076b600000, 0x0000000780f80000, 0x00000007c0000000)
  eden space 267264K, 72% used [0x000000076b600000,0x00000007772cc920,0x000000077bb00000)
  from space 33792K, 99% used [0x000000077e280000,0x00000007803782f8,0x0000000780380000)
  to   space 40448K, 0% used [0x000000077bb00000,0x000000077bb00000,0x000000077e280000)
 ParOldGen       total 123392K, used 39660K [0x00000006c2200000, 0x00000006c9a80000, 0x000000076b600000)
  object space 123392K, 32% used [0x00000006c2200000,0x00000006c48bb0b0,0x00000006c9a80000)
 Metaspace       used 34614K, capacity 35286K, committed 35496K, reserved 1081344K
  class space    used 4037K, capacity 4213K, committed 4272K, reserved 1048576K
Event: 7.316 GC heap after
Heap after GC invocations=10 (full 1):
 PSYoungGen      total 307712K, used 25935K [0x000000076b600000, 0x0000000785d00000, 0x00000007c0000000)
  eden space 267264K, 0% used [0x000000076b600000,0x000000076b600000,0x000000077bb00000)
  from space 40448K, 64% used [0x000000077bb00000,0x000000077d453df0,0x000000077e280000)
  to   space 40448K, 0% used [0x0000000783580000,0x0000000783580000,0x0000000785d00000)
 ParOldGen       total 123392K, used 43043K [0x00000006c2200000, 0x00000006c9a80000, 0x000000076b600000)
  object space 123392K, 34% used [0x00000006c2200000,0x00000006c4c08e10,0x00000006c9a80000)
 Metaspace       used 34614K, capacity 35286K, committed 35496K, reserved 1081344K
  class space    used 4037K, capacity 4213K, committed 4272K, reserved 1048576K
}
Event: 7.316 GC heap before
{Heap before GC invocations=11 (full 2):
 PSYoungGen      total 307712K, used 25935K [0x000000076b600000, 0x0000000785d00000, 0x00000007c0000000)
  eden space 267264K, 0% used [0x000000076b600000,0x000000076b600000,0x000000077bb00000)
  from space 40448K, 64% used [0x000000077bb00000,0x000000077d453df0,0x000000077e280000)
  to   space 40448K, 0% used [0x0000000783580000,0x0000000783580000,0x0000000785d00000)
 ParOldGen       total 123392K, used 43043K [0x00000006c2200000, 0x00000006c9a80000, 0x000000076b600000)
  object space 123392K, 34% used [0x00000006c2200000,0x00000006c4c08e10,0x00000006c9a80000)
 Metaspace       used 34614K, capacity 35286K, committed 35496K, reserved 1081344K
  class space    used 4037K, capacity 4213K, committed 4272K, reserved 1048576K
Event: 7.354 GC heap after
Heap after GC invocations=11 (full 2):
 PSYoungGen      total 307712K, used 0K [0x000000076b600000, 0x0000000785d00000, 0x00000007c0000000)
  eden space 267264K, 0% used [0x000000076b600000,0x000000076b600000,0x000000077bb00000)
  from space 40448K, 0% used [0x000000077bb00000,0x000000077bb00000,0x000000077e280000)
  to   space 40448K, 0% used [0x0000000783580000,0x0000000783580000,0x0000000785d00000)
 ParOldGen       total 196096K, used 42920K [0x00000006c2200000, 0x00000006ce180000, 0x000000076b600000)
  object space 196096K, 21% used [0x00000006c2200000,0x00000006c4bea190,0x00000006ce180000)
 Metaspace       used 34614K, capacity 35286K, committed 35496K, reserved 1081344K
  class space    used 4037K, capacity 4213K, committed 4272K, reserved 1048576K
}

